[2025-10-29 13:08:17] === Precheck Started ===
[2025-10-29 13:08:17] AWS Profile: terraform-admin
[2025-10-29 13:08:17] Log File: /Users/dbmpro2/worldkinect/terraform/bootstrap/resource_status.XXXXXX.log
[2025-10-29 13:08:17] DEBUG mode enabled
[2025-10-29 13:08:17] [s3api] Checking bucket: kinect-terraform-state
[2025-10-29 13:08:19] Resource exists. Preparing to import aws_s3_bucket.tf_state...
[2025-10-29 13:08:21] S3 bucket already managed by Terraform. Skipping import.
[2025-10-29 13:08:22] WARNING: Versioning not enabled for kinect-terraform-state
[2025-10-29 13:08:22] [dynamodb] Checking table: kinect-terraform-locks
[2025-10-29 13:08:24] [kms] Checking alias: alias/terraform
[2025-10-29 13:08:25]   Found existing KMS key for alias/terraform: 95c3ed54-e836-48a5-9bd6-5ea8fff56126
[2025-10-29 13:08:27] KMS key already managed by Terraform. Skipping import.
[2025-10-29 13:08:28] KMS alias already managed by Terraform. Skipping import.
[2025-10-29 13:08:28] 
[2025-10-29 13:08:28] ==================== Resource Summary ====================
RESOURCE             | STATUS     | DETAILS                       
-----------------------------------------------------------------
S3 Bucket            | EXISTS     | kinect-terraform-state        
DynamoDB Table       | NOT FOUND  | kinect-terraform-locks        
KMS Key              | EXISTS     | alias/terraform               
[2025-10-29 13:08:28] ===========================================================
[2025-10-29 13:08:28] Precheck/import complete. See detailed log: /Users/dbmpro2/worldkinect/terraform/bootstrap/resource_status.XXXXXX.log
